\o Program:		@(#)$CDS: libManager version 6.1.6 - CAT33 07/09/2015 16:04 (sjfnl733) $
\o Sub version:		sub-version  s018 
\o Arguments:		-mpssession virtuoso7809 -mpshost lab1-19.eng.utah.edu 
\o Working Directory:	lab1-19.eng.utah.edu:/home/arnabd/Semester1/DVLSI/Cadence-f15/Project/FPU/16synth
\o 64-bit offsets
\o Qt version: 		4.7.2
\o Log file is "/home/arnabd/Semester1/DVLSI/Cadence-f15/Project/FPU/16synth/libManager.log".
\o Opening libManager window.
\a nrSetCurrentWindow(cdsLibManager)
\o Loading customization file "./cdsLibMgr.il"
\o Loading NCSU Library Manager customizations...done.
\a nrResizeWindow(cdsLibManager list(0 24 1364 638))
\a _lmgrCloseIconify("cdsLibManager" 1)
\o changeWorkingDir("/home/arnabd/Semester1/DVLSI/Cadence-f15/Project/FPU/16synth") unnecessary.
\o ddSetForcedLib("") unnecessary.
\o MPS service: map window
\o Library Manager customization server connected.
\a nrSetCurrentWindow(cdsLibManager)
\a _lmgrCloseIconify("cdsLibManager" 1)
\o MPS service: shutdown
\o libManager is exiting.
\a nrSetWindowVisibility(cdsLibManager "hide")
\a exit(0)
